<?xml version="1.0" encoding="UTF-8"?>
<!-- Generated by org.testng.reporters.JUnitReportReporter -->
<testsuite skipped="0" hostname="Ruchi-Gupta" name="QAautomationProject.FrameworkLearning.GroceryPageTest" tests="1" failures="0" timestamp="03 Jul 2022 07:24:03 GMT" time="23.088" errors="0">
  <testcase name="GroceryPage" time="23.088" classname="QAautomationProject.FrameworkLearning.GroceryPageTest"/>
</testsuite> <!-- QAautomationProject.FrameworkLearning.GroceryPageTest -->
